2024-12-23 07:06:59,664 ERROR - request fail. tigerId:YOUR_TIGER_ID, method:USER_LICENSE, param:null, response:null
java.lang.RuntimeException: java.security.spec.InvalidKeySpecException: java.security.InvalidKeyException: IOException : DerInputStream.getLength(): lengthTag=101, too big.
	at com.tigerbrokers.stock.openapi.client.util.TigerSignature.rsaSign(TigerSignature.java:89)
	at com.tigerbrokers.stock.openapi.client.https.client.TigerHttpClient.buildParams(TigerHttpClient.java:338)
	at com.tigerbrokers.stock.openapi.client.https.client.TigerHttpClient.execute(TigerHttpClient.java:242)
	at com.tigerbrokers.stock.openapi.client.https.client.TigerHttpClient.initLicense(TigerHttpClient.java:156)
	at com.tigerbrokers.stock.openapi.client.https.client.TigerHttpClient.init(TigerHttpClient.java:138)
	at com.tigerbrokers.stock.openapi.client.https.client.TigerHttpClient.clientConfig(TigerHttpClient.java:106)
	at com.example.tigerquant.config.TigerApiConfig.tigerHttpClient(TigerApiConfig.java:39)
	at com.example.tigerquant.config.TigerApiConfig$$EnhancerBySpringCGLIB$$88fb221b.CGLIB$tigerHttpClient$0(<generated>)
	at com.example.tigerquant.config.TigerApiConfig$$EnhancerBySpringCGLIB$$88fb221b$$FastClassBySpringCGLIB$$f55a74f6.invoke(<generated>)
	at org.springframework.cglib.proxy.MethodProxy.invokeSuper(MethodProxy.java:244)
	at org.springframework.context.annotation.ConfigurationClassEnhancer$BeanMethodInterceptor.intercept(ConfigurationClassEnhancer.java:331)
	at com.example.tigerquant.config.TigerApiConfig$$EnhancerBySpringCGLIB$$88fb221b.tigerHttpClient(<generated>)
	at java.base/jdk.internal.reflect.NativeMethodAccessorImpl.invoke0(Native Method)
	at java.base/jdk.internal.reflect.NativeMethodAccessorImpl.invoke(NativeMethodAccessorImpl.java:62)
	at java.base/jdk.internal.reflect.DelegatingMethodAccessorImpl.invoke(DelegatingMethodAccessorImpl.java:43)
	at java.base/java.lang.reflect.Method.invoke(Method.java:566)
	at org.springframework.beans.factory.support.SimpleInstantiationStrategy.instantiate(SimpleInstantiationStrategy.java:154)
	at org.springframework.beans.factory.support.ConstructorResolver.instantiate(ConstructorResolver.java:653)
	at org.springframework.beans.factory.support.ConstructorResolver.instantiateUsingFactoryMethod(ConstructorResolver.java:486)
	at org.springframework.beans.factory.support.AbstractAutowireCapableBeanFactory.instantiateUsingFactoryMethod(AbstractAutowireCapableBeanFactory.java:1352)
	at org.springframework.beans.factory.support.AbstractAutowireCapableBeanFactory.createBeanInstance(AbstractAutowireCapableBeanFactory.java:1195)
	at org.springframework.beans.factory.support.AbstractAutowireCapableBeanFactory.doCreateBean(AbstractAutowireCapableBeanFactory.java:582)
	at org.springframework.beans.factory.support.AbstractAutowireCapableBeanFactory.createBean(AbstractAutowireCapableBeanFactory.java:542)
	at org.springframework.beans.factory.support.AbstractBeanFactory.lambda$doGetBean$0(AbstractBeanFactory.java:335)
	at org.springframework.beans.factory.support.DefaultSingletonBeanRegistry.getSingleton(DefaultSingletonBeanRegistry.java:234)
	at org.springframework.beans.factory.support.AbstractBeanFactory.doGetBean(AbstractBeanFactory.java:333)
	at org.springframework.beans.factory.support.AbstractBeanFactory.getBean(AbstractBeanFactory.java:208)
	at org.springframework.beans.factory.config.DependencyDescriptor.resolveCandidate(DependencyDescriptor.java:276)
	at org.springframework.beans.factory.support.DefaultListableBeanFactory.doResolveDependency(DefaultListableBeanFactory.java:1389)
	at org.springframework.beans.factory.support.DefaultListableBeanFactory.resolveDependency(DefaultListableBeanFactory.java:1309)
	at org.springframework.beans.factory.support.ConstructorResolver.resolveAutowiredArgument(ConstructorResolver.java:887)
	at org.springframework.beans.factory.support.ConstructorResolver.createArgumentArray(ConstructorResolver.java:791)
	at org.springframework.beans.factory.support.ConstructorResolver.autowireConstructor(ConstructorResolver.java:229)
	at org.springframework.beans.factory.support.AbstractAutowireCapableBeanFactory.autowireConstructor(AbstractAutowireCapableBeanFactory.java:1372)
	at org.springframework.beans.factory.support.AbstractAutowireCapableBeanFactory.createBeanInstance(AbstractAutowireCapableBeanFactory.java:1222)
	at org.springframework.beans.factory.support.AbstractAutowireCapableBeanFactory.doCreateBean(AbstractAutowireCapableBeanFactory.java:582)
	at org.springframework.beans.factory.support.AbstractAutowireCapableBeanFactory.createBean(AbstractAutowireCapableBeanFactory.java:542)
	at org.springframework.beans.factory.support.AbstractBeanFactory.lambda$doGetBean$0(AbstractBeanFactory.java:335)
	at org.springframework.beans.factory.support.DefaultSingletonBeanRegistry.getSingleton(DefaultSingletonBeanRegistry.java:234)
	at org.springframework.beans.factory.support.AbstractBeanFactory.doGetBean(AbstractBeanFactory.java:333)
	at org.springframework.beans.factory.support.AbstractBeanFactory.getBean(AbstractBeanFactory.java:208)
	at org.springframework.beans.factory.support.DefaultListableBeanFactory.preInstantiateSingletons(DefaultListableBeanFactory.java:953)
	at org.springframework.context.support.AbstractApplicationContext.finishBeanFactoryInitialization(AbstractApplicationContext.java:918)
	at org.springframework.context.support.AbstractApplicationContext.refresh(AbstractApplicationContext.java:583)
	at org.springframework.boot.web.servlet.context.ServletWebServerApplicationContext.refresh(ServletWebServerApplicationContext.java:147)
	at org.springframework.boot.SpringApplication.refresh(SpringApplication.java:734)
	at org.springframework.boot.SpringApplication.refreshContext(SpringApplication.java:408)
	at org.springframework.boot.SpringApplication.run(SpringApplication.java:308)
	at org.springframework.boot.SpringApplication.run(SpringApplication.java:1306)
	at org.springframework.boot.SpringApplication.run(SpringApplication.java:1295)
	at com.example.tigerquant.TigerQuantApplication.main(TigerQuantApplication.java:13)
Caused by: java.security.spec.InvalidKeySpecException: java.security.InvalidKeyException: IOException : DerInputStream.getLength(): lengthTag=101, too big.
	at java.base/sun.security.rsa.RSAKeyFactory.engineGeneratePrivate(RSAKeyFactory.java:251)
	at java.base/java.security.KeyFactory.generatePrivate(KeyFactory.java:390)
	at com.tigerbrokers.stock.openapi.client.util.TigerSignature.getPrivateKey(TigerSignature.java:102)
	at com.tigerbrokers.stock.openapi.client.util.TigerSignature.rsaSign(TigerSignature.java:77)
	... 50 common frames omitted
Caused by: java.security.InvalidKeyException: IOException : DerInputStream.getLength(): lengthTag=101, too big.
	at java.base/sun.security.pkcs.PKCS8Key.decode(PKCS8Key.java:350)
	at java.base/sun.security.pkcs.PKCS8Key.decode(PKCS8Key.java:355)
	at java.base/sun.security.rsa.RSAPrivateCrtKeyImpl.<init>(RSAPrivateCrtKeyImpl.java:130)
	at java.base/sun.security.rsa.RSAPrivateCrtKeyImpl.newKey(RSAPrivateCrtKeyImpl.java:80)
	at java.base/sun.security.rsa.RSAKeyFactory.generatePrivate(RSAKeyFactory.java:356)
	at java.base/sun.security.rsa.RSAKeyFactory.engineGeneratePrivate(RSAKeyFactory.java:247)
	... 53 common frames omitted
2024-12-23 07:06:59,760 ERROR - request fail. tigerId:YOUR_TIGER_ID, method:GRAB_QUOTE_PERMISSION, param:null, response:null
java.lang.RuntimeException: java.security.spec.InvalidKeySpecException: java.security.InvalidKeyException: IOException : DerInputStream.getLength(): lengthTag=101, too big.
	at com.tigerbrokers.stock.openapi.client.util.TigerSignature.rsaSign(TigerSignature.java:89)
	at com.tigerbrokers.stock.openapi.client.https.client.TigerHttpClient.buildParams(TigerHttpClient.java:338)
	at com.tigerbrokers.stock.openapi.client.https.client.TigerHttpClient.execute(TigerHttpClient.java:242)
	at com.tigerbrokers.stock.openapi.client.https.client.TigerHttpClient.clientConfig(TigerHttpClient.java:115)
	at com.example.tigerquant.config.TigerApiConfig.tigerHttpClient(TigerApiConfig.java:39)
	at com.example.tigerquant.config.TigerApiConfig$$EnhancerBySpringCGLIB$$88fb221b.CGLIB$tigerHttpClient$0(<generated>)
	at com.example.tigerquant.config.TigerApiConfig$$EnhancerBySpringCGLIB$$88fb221b$$FastClassBySpringCGLIB$$f55a74f6.invoke(<generated>)
	at org.springframework.cglib.proxy.MethodProxy.invokeSuper(MethodProxy.java:244)
	at org.springframework.context.annotation.ConfigurationClassEnhancer$BeanMethodInterceptor.intercept(ConfigurationClassEnhancer.java:331)
	at com.example.tigerquant.config.TigerApiConfig$$EnhancerBySpringCGLIB$$88fb221b.tigerHttpClient(<generated>)
	at java.base/jdk.internal.reflect.NativeMethodAccessorImpl.invoke0(Native Method)
	at java.base/jdk.internal.reflect.NativeMethodAccessorImpl.invoke(NativeMethodAccessorImpl.java:62)
	at java.base/jdk.internal.reflect.DelegatingMethodAccessorImpl.invoke(DelegatingMethodAccessorImpl.java:43)
	at java.base/java.lang.reflect.Method.invoke(Method.java:566)
	at org.springframework.beans.factory.support.SimpleInstantiationStrategy.instantiate(SimpleInstantiationStrategy.java:154)
	at org.springframework.beans.factory.support.ConstructorResolver.instantiate(ConstructorResolver.java:653)
	at org.springframework.beans.factory.support.ConstructorResolver.instantiateUsingFactoryMethod(ConstructorResolver.java:486)
	at org.springframework.beans.factory.support.AbstractAutowireCapableBeanFactory.instantiateUsingFactoryMethod(AbstractAutowireCapableBeanFactory.java:1352)
	at org.springframework.beans.factory.support.AbstractAutowireCapableBeanFactory.createBeanInstance(AbstractAutowireCapableBeanFactory.java:1195)
	at org.springframework.beans.factory.support.AbstractAutowireCapableBeanFactory.doCreateBean(AbstractAutowireCapableBeanFactory.java:582)
	at org.springframework.beans.factory.support.AbstractAutowireCapableBeanFactory.createBean(AbstractAutowireCapableBeanFactory.java:542)
	at org.springframework.beans.factory.support.AbstractBeanFactory.lambda$doGetBean$0(AbstractBeanFactory.java:335)
	at org.springframework.beans.factory.support.DefaultSingletonBeanRegistry.getSingleton(DefaultSingletonBeanRegistry.java:234)
	at org.springframework.beans.factory.support.AbstractBeanFactory.doGetBean(AbstractBeanFactory.java:333)
	at org.springframework.beans.factory.support.AbstractBeanFactory.getBean(AbstractBeanFactory.java:208)
	at org.springframework.beans.factory.config.DependencyDescriptor.resolveCandidate(DependencyDescriptor.java:276)
	at org.springframework.beans.factory.support.DefaultListableBeanFactory.doResolveDependency(DefaultListableBeanFactory.java:1389)
	at org.springframework.beans.factory.support.DefaultListableBeanFactory.resolveDependency(DefaultListableBeanFactory.java:1309)
	at org.springframework.beans.factory.support.ConstructorResolver.resolveAutowiredArgument(ConstructorResolver.java:887)
	at org.springframework.beans.factory.support.ConstructorResolver.createArgumentArray(ConstructorResolver.java:791)
	at org.springframework.beans.factory.support.ConstructorResolver.autowireConstructor(ConstructorResolver.java:229)
	at org.springframework.beans.factory.support.AbstractAutowireCapableBeanFactory.autowireConstructor(AbstractAutowireCapableBeanFactory.java:1372)
	at org.springframework.beans.factory.support.AbstractAutowireCapableBeanFactory.createBeanInstance(AbstractAutowireCapableBeanFactory.java:1222)
	at org.springframework.beans.factory.support.AbstractAutowireCapableBeanFactory.doCreateBean(AbstractAutowireCapableBeanFactory.java:582)
	at org.springframework.beans.factory.support.AbstractAutowireCapableBeanFactory.createBean(AbstractAutowireCapableBeanFactory.java:542)
	at org.springframework.beans.factory.support.AbstractBeanFactory.lambda$doGetBean$0(AbstractBeanFactory.java:335)
	at org.springframework.beans.factory.support.DefaultSingletonBeanRegistry.getSingleton(DefaultSingletonBeanRegistry.java:234)
	at org.springframework.beans.factory.support.AbstractBeanFactory.doGetBean(AbstractBeanFactory.java:333)
	at org.springframework.beans.factory.support.AbstractBeanFactory.getBean(AbstractBeanFactory.java:208)
	at org.springframework.beans.factory.support.DefaultListableBeanFactory.preInstantiateSingletons(DefaultListableBeanFactory.java:953)
	at org.springframework.context.support.AbstractApplicationContext.finishBeanFactoryInitialization(AbstractApplicationContext.java:918)
	at org.springframework.context.support.AbstractApplicationContext.refresh(AbstractApplicationContext.java:583)
	at org.springframework.boot.web.servlet.context.ServletWebServerApplicationContext.refresh(ServletWebServerApplicationContext.java:147)
	at org.springframework.boot.SpringApplication.refresh(SpringApplication.java:734)
	at org.springframework.boot.SpringApplication.refreshContext(SpringApplication.java:408)
	at org.springframework.boot.SpringApplication.run(SpringApplication.java:308)
	at org.springframework.boot.SpringApplication.run(SpringApplication.java:1306)
	at org.springframework.boot.SpringApplication.run(SpringApplication.java:1295)
	at com.example.tigerquant.TigerQuantApplication.main(TigerQuantApplication.java:13)
Caused by: java.security.spec.InvalidKeySpecException: java.security.InvalidKeyException: IOException : DerInputStream.getLength(): lengthTag=101, too big.
	at java.base/sun.security.rsa.RSAKeyFactory.engineGeneratePrivate(RSAKeyFactory.java:251)
	at java.base/java.security.KeyFactory.generatePrivate(KeyFactory.java:390)
	at com.tigerbrokers.stock.openapi.client.util.TigerSignature.getPrivateKey(TigerSignature.java:102)
	at com.tigerbrokers.stock.openapi.client.util.TigerSignature.rsaSign(TigerSignature.java:77)
	... 48 common frames omitted
Caused by: java.security.InvalidKeyException: IOException : DerInputStream.getLength(): lengthTag=101, too big.
	at java.base/sun.security.pkcs.PKCS8Key.decode(PKCS8Key.java:350)
	at java.base/sun.security.pkcs.PKCS8Key.decode(PKCS8Key.java:355)
	at java.base/sun.security.rsa.RSAPrivateCrtKeyImpl.<init>(RSAPrivateCrtKeyImpl.java:130)
	at java.base/sun.security.rsa.RSAPrivateCrtKeyImpl.newKey(RSAPrivateCrtKeyImpl.java:80)
	at java.base/sun.security.rsa.RSAKeyFactory.generatePrivate(RSAKeyFactory.java:356)
	at java.base/sun.security.rsa.RSAKeyFactory.engineGeneratePrivate(RSAKeyFactory.java:247)
	... 51 common frames omitted
2024-12-23 07:06:59,763 INFO - tigerId:YOUR_TIGER_ID, grab_quote_permission:sdk send request exception(java.security.spec.InvalidKeySpecException: java.security.InvalidKeyException: IOException : DerInputStream.getLength(): lengthTag=101, too big.), data:null
2024-12-23 07:08:14,664 ERROR - request fail. tigerId:YOUR_TIGER_ID, method:USER_LICENSE, param:null, response:null
java.lang.RuntimeException: java.security.spec.InvalidKeySpecException: java.security.InvalidKeyException: IOException : DerInputStream.getLength(): lengthTag=101, too big.
	at com.tigerbrokers.stock.openapi.client.util.TigerSignature.rsaSign(TigerSignature.java:89)
	at com.tigerbrokers.stock.openapi.client.https.client.TigerHttpClient.buildParams(TigerHttpClient.java:338)
	at com.tigerbrokers.stock.openapi.client.https.client.TigerHttpClient.execute(TigerHttpClient.java:242)
	at com.tigerbrokers.stock.openapi.client.https.client.TigerHttpClient.initLicense(TigerHttpClient.java:156)
	at com.tigerbrokers.stock.openapi.client.https.client.TigerHttpClient.init(TigerHttpClient.java:138)
	at com.tigerbrokers.stock.openapi.client.https.client.TigerHttpClient.clientConfig(TigerHttpClient.java:106)
	at com.example.tigerquant.config.TigerApiConfig.tigerHttpClient(TigerApiConfig.java:39)
	at com.example.tigerquant.config.TigerApiConfig$$EnhancerBySpringCGLIB$$d5fd918.CGLIB$tigerHttpClient$0(<generated>)
	at com.example.tigerquant.config.TigerApiConfig$$EnhancerBySpringCGLIB$$d5fd918$$FastClassBySpringCGLIB$$5c6f5128.invoke(<generated>)
	at org.springframework.cglib.proxy.MethodProxy.invokeSuper(MethodProxy.java:244)
	at org.springframework.context.annotation.ConfigurationClassEnhancer$BeanMethodInterceptor.intercept(ConfigurationClassEnhancer.java:331)
	at com.example.tigerquant.config.TigerApiConfig$$EnhancerBySpringCGLIB$$d5fd918.tigerHttpClient(<generated>)
	at java.base/jdk.internal.reflect.NativeMethodAccessorImpl.invoke0(Native Method)
	at java.base/jdk.internal.reflect.NativeMethodAccessorImpl.invoke(NativeMethodAccessorImpl.java:62)
	at java.base/jdk.internal.reflect.DelegatingMethodAccessorImpl.invoke(DelegatingMethodAccessorImpl.java:43)
	at java.base/java.lang.reflect.Method.invoke(Method.java:566)
	at org.springframework.beans.factory.support.SimpleInstantiationStrategy.instantiate(SimpleInstantiationStrategy.java:154)
	at org.springframework.beans.factory.support.ConstructorResolver.instantiate(ConstructorResolver.java:653)
	at org.springframework.beans.factory.support.ConstructorResolver.instantiateUsingFactoryMethod(ConstructorResolver.java:486)
	at org.springframework.beans.factory.support.AbstractAutowireCapableBeanFactory.instantiateUsingFactoryMethod(AbstractAutowireCapableBeanFactory.java:1352)
	at org.springframework.beans.factory.support.AbstractAutowireCapableBeanFactory.createBeanInstance(AbstractAutowireCapableBeanFactory.java:1195)
	at org.springframework.beans.factory.support.AbstractAutowireCapableBeanFactory.doCreateBean(AbstractAutowireCapableBeanFactory.java:582)
	at org.springframework.beans.factory.support.AbstractAutowireCapableBeanFactory.createBean(AbstractAutowireCapableBeanFactory.java:542)
	at org.springframework.beans.factory.support.AbstractBeanFactory.lambda$doGetBean$0(AbstractBeanFactory.java:335)
	at org.springframework.beans.factory.support.DefaultSingletonBeanRegistry.getSingleton(DefaultSingletonBeanRegistry.java:234)
	at org.springframework.beans.factory.support.AbstractBeanFactory.doGetBean(AbstractBeanFactory.java:333)
	at org.springframework.beans.factory.support.AbstractBeanFactory.getBean(AbstractBeanFactory.java:208)
	at org.springframework.beans.factory.config.DependencyDescriptor.resolveCandidate(DependencyDescriptor.java:276)
	at org.springframework.beans.factory.support.DefaultListableBeanFactory.doResolveDependency(DefaultListableBeanFactory.java:1389)
	at org.springframework.beans.factory.support.DefaultListableBeanFactory.resolveDependency(DefaultListableBeanFactory.java:1309)
	at org.springframework.beans.factory.support.ConstructorResolver.resolveAutowiredArgument(ConstructorResolver.java:887)
	at org.springframework.beans.factory.support.ConstructorResolver.createArgumentArray(ConstructorResolver.java:791)
	at org.springframework.beans.factory.support.ConstructorResolver.autowireConstructor(ConstructorResolver.java:229)
	at org.springframework.beans.factory.support.AbstractAutowireCapableBeanFactory.autowireConstructor(AbstractAutowireCapableBeanFactory.java:1372)
	at org.springframework.beans.factory.support.AbstractAutowireCapableBeanFactory.createBeanInstance(AbstractAutowireCapableBeanFactory.java:1222)
	at org.springframework.beans.factory.support.AbstractAutowireCapableBeanFactory.doCreateBean(AbstractAutowireCapableBeanFactory.java:582)
	at org.springframework.beans.factory.support.AbstractAutowireCapableBeanFactory.createBean(AbstractAutowireCapableBeanFactory.java:542)
	at org.springframework.beans.factory.support.AbstractBeanFactory.lambda$doGetBean$0(AbstractBeanFactory.java:335)
	at org.springframework.beans.factory.support.DefaultSingletonBeanRegistry.getSingleton(DefaultSingletonBeanRegistry.java:234)
	at org.springframework.beans.factory.support.AbstractBeanFactory.doGetBean(AbstractBeanFactory.java:333)
	at org.springframework.beans.factory.support.AbstractBeanFactory.getBean(AbstractBeanFactory.java:208)
	at org.springframework.beans.factory.support.DefaultListableBeanFactory.preInstantiateSingletons(DefaultListableBeanFactory.java:953)
	at org.springframework.context.support.AbstractApplicationContext.finishBeanFactoryInitialization(AbstractApplicationContext.java:918)
	at org.springframework.context.support.AbstractApplicationContext.refresh(AbstractApplicationContext.java:583)
	at org.springframework.boot.web.servlet.context.ServletWebServerApplicationContext.refresh(ServletWebServerApplicationContext.java:147)
	at org.springframework.boot.SpringApplication.refresh(SpringApplication.java:734)
	at org.springframework.boot.SpringApplication.refreshContext(SpringApplication.java:408)
	at org.springframework.boot.SpringApplication.run(SpringApplication.java:308)
	at org.springframework.boot.SpringApplication.run(SpringApplication.java:1306)
	at org.springframework.boot.SpringApplication.run(SpringApplication.java:1295)
	at com.example.tigerquant.TigerQuantApplication.main(TigerQuantApplication.java:13)
Caused by: java.security.spec.InvalidKeySpecException: java.security.InvalidKeyException: IOException : DerInputStream.getLength(): lengthTag=101, too big.
	at java.base/sun.security.rsa.RSAKeyFactory.engineGeneratePrivate(RSAKeyFactory.java:251)
	at java.base/java.security.KeyFactory.generatePrivate(KeyFactory.java:390)
	at com.tigerbrokers.stock.openapi.client.util.TigerSignature.getPrivateKey(TigerSignature.java:102)
	at com.tigerbrokers.stock.openapi.client.util.TigerSignature.rsaSign(TigerSignature.java:77)
	... 50 common frames omitted
Caused by: java.security.InvalidKeyException: IOException : DerInputStream.getLength(): lengthTag=101, too big.
	at java.base/sun.security.pkcs.PKCS8Key.decode(PKCS8Key.java:350)
	at java.base/sun.security.pkcs.PKCS8Key.decode(PKCS8Key.java:355)
	at java.base/sun.security.rsa.RSAPrivateCrtKeyImpl.<init>(RSAPrivateCrtKeyImpl.java:130)
	at java.base/sun.security.rsa.RSAPrivateCrtKeyImpl.newKey(RSAPrivateCrtKeyImpl.java:80)
	at java.base/sun.security.rsa.RSAKeyFactory.generatePrivate(RSAKeyFactory.java:356)
	at java.base/sun.security.rsa.RSAKeyFactory.engineGeneratePrivate(RSAKeyFactory.java:247)
	... 53 common frames omitted
2024-12-23 07:08:14,839 ERROR - request fail. tigerId:YOUR_TIGER_ID, method:GRAB_QUOTE_PERMISSION, param:null, response:null
java.lang.RuntimeException: java.security.spec.InvalidKeySpecException: java.security.InvalidKeyException: IOException : DerInputStream.getLength(): lengthTag=101, too big.
	at com.tigerbrokers.stock.openapi.client.util.TigerSignature.rsaSign(TigerSignature.java:89)
	at com.tigerbrokers.stock.openapi.client.https.client.TigerHttpClient.buildParams(TigerHttpClient.java:338)
	at com.tigerbrokers.stock.openapi.client.https.client.TigerHttpClient.execute(TigerHttpClient.java:242)
	at com.tigerbrokers.stock.openapi.client.https.client.TigerHttpClient.clientConfig(TigerHttpClient.java:115)
	at com.example.tigerquant.config.TigerApiConfig.tigerHttpClient(TigerApiConfig.java:39)
	at com.example.tigerquant.config.TigerApiConfig$$EnhancerBySpringCGLIB$$d5fd918.CGLIB$tigerHttpClient$0(<generated>)
	at com.example.tigerquant.config.TigerApiConfig$$EnhancerBySpringCGLIB$$d5fd918$$FastClassBySpringCGLIB$$5c6f5128.invoke(<generated>)
	at org.springframework.cglib.proxy.MethodProxy.invokeSuper(MethodProxy.java:244)
	at org.springframework.context.annotation.ConfigurationClassEnhancer$BeanMethodInterceptor.intercept(ConfigurationClassEnhancer.java:331)
	at com.example.tigerquant.config.TigerApiConfig$$EnhancerBySpringCGLIB$$d5fd918.tigerHttpClient(<generated>)
	at java.base/jdk.internal.reflect.NativeMethodAccessorImpl.invoke0(Native Method)
	at java.base/jdk.internal.reflect.NativeMethodAccessorImpl.invoke(NativeMethodAccessorImpl.java:62)
	at java.base/jdk.internal.reflect.DelegatingMethodAccessorImpl.invoke(DelegatingMethodAccessorImpl.java:43)
	at java.base/java.lang.reflect.Method.invoke(Method.java:566)
	at org.springframework.beans.factory.support.SimpleInstantiationStrategy.instantiate(SimpleInstantiationStrategy.java:154)
	at org.springframework.beans.factory.support.ConstructorResolver.instantiate(ConstructorResolver.java:653)
	at org.springframework.beans.factory.support.ConstructorResolver.instantiateUsingFactoryMethod(ConstructorResolver.java:486)
	at org.springframework.beans.factory.support.AbstractAutowireCapableBeanFactory.instantiateUsingFactoryMethod(AbstractAutowireCapableBeanFactory.java:1352)
	at org.springframework.beans.factory.support.AbstractAutowireCapableBeanFactory.createBeanInstance(AbstractAutowireCapableBeanFactory.java:1195)
	at org.springframework.beans.factory.support.AbstractAutowireCapableBeanFactory.doCreateBean(AbstractAutowireCapableBeanFactory.java:582)
	at org.springframework.beans.factory.support.AbstractAutowireCapableBeanFactory.createBean(AbstractAutowireCapableBeanFactory.java:542)
	at org.springframework.beans.factory.support.AbstractBeanFactory.lambda$doGetBean$0(AbstractBeanFactory.java:335)
	at org.springframework.beans.factory.support.DefaultSingletonBeanRegistry.getSingleton(DefaultSingletonBeanRegistry.java:234)
	at org.springframework.beans.factory.support.AbstractBeanFactory.doGetBean(AbstractBeanFactory.java:333)
	at org.springframework.beans.factory.support.AbstractBeanFactory.getBean(AbstractBeanFactory.java:208)
	at org.springframework.beans.factory.config.DependencyDescriptor.resolveCandidate(DependencyDescriptor.java:276)
	at org.springframework.beans.factory.support.DefaultListableBeanFactory.doResolveDependency(DefaultListableBeanFactory.java:1389)
	at org.springframework.beans.factory.support.DefaultListableBeanFactory.resolveDependency(DefaultListableBeanFactory.java:1309)
	at org.springframework.beans.factory.support.ConstructorResolver.resolveAutowiredArgument(ConstructorResolver.java:887)
	at org.springframework.beans.factory.support.ConstructorResolver.createArgumentArray(ConstructorResolver.java:791)
	at org.springframework.beans.factory.support.ConstructorResolver.autowireConstructor(ConstructorResolver.java:229)
	at org.springframework.beans.factory.support.AbstractAutowireCapableBeanFactory.autowireConstructor(AbstractAutowireCapableBeanFactory.java:1372)
	at org.springframework.beans.factory.support.AbstractAutowireCapableBeanFactory.createBeanInstance(AbstractAutowireCapableBeanFactory.java:1222)
	at org.springframework.beans.factory.support.AbstractAutowireCapableBeanFactory.doCreateBean(AbstractAutowireCapableBeanFactory.java:582)
	at org.springframework.beans.factory.support.AbstractAutowireCapableBeanFactory.createBean(AbstractAutowireCapableBeanFactory.java:542)
	at org.springframework.beans.factory.support.AbstractBeanFactory.lambda$doGetBean$0(AbstractBeanFactory.java:335)
	at org.springframework.beans.factory.support.DefaultSingletonBeanRegistry.getSingleton(DefaultSingletonBeanRegistry.java:234)
	at org.springframework.beans.factory.support.AbstractBeanFactory.doGetBean(AbstractBeanFactory.java:333)
	at org.springframework.beans.factory.support.AbstractBeanFactory.getBean(AbstractBeanFactory.java:208)
	at org.springframework.beans.factory.support.DefaultListableBeanFactory.preInstantiateSingletons(DefaultListableBeanFactory.java:953)
	at org.springframework.context.support.AbstractApplicationContext.finishBeanFactoryInitialization(AbstractApplicationContext.java:918)
	at org.springframework.context.support.AbstractApplicationContext.refresh(AbstractApplicationContext.java:583)
	at org.springframework.boot.web.servlet.context.ServletWebServerApplicationContext.refresh(ServletWebServerApplicationContext.java:147)
	at org.springframework.boot.SpringApplication.refresh(SpringApplication.java:734)
	at org.springframework.boot.SpringApplication.refreshContext(SpringApplication.java:408)
	at org.springframework.boot.SpringApplication.run(SpringApplication.java:308)
	at org.springframework.boot.SpringApplication.run(SpringApplication.java:1306)
	at org.springframework.boot.SpringApplication.run(SpringApplication.java:1295)
	at com.example.tigerquant.TigerQuantApplication.main(TigerQuantApplication.java:13)
Caused by: java.security.spec.InvalidKeySpecException: java.security.InvalidKeyException: IOException : DerInputStream.getLength(): lengthTag=101, too big.
	at java.base/sun.security.rsa.RSAKeyFactory.engineGeneratePrivate(RSAKeyFactory.java:251)
	at java.base/java.security.KeyFactory.generatePrivate(KeyFactory.java:390)
	at com.tigerbrokers.stock.openapi.client.util.TigerSignature.getPrivateKey(TigerSignature.java:102)
	at com.tigerbrokers.stock.openapi.client.util.TigerSignature.rsaSign(TigerSignature.java:77)
	... 48 common frames omitted
Caused by: java.security.InvalidKeyException: IOException : DerInputStream.getLength(): lengthTag=101, too big.
	at java.base/sun.security.pkcs.PKCS8Key.decode(PKCS8Key.java:350)
	at java.base/sun.security.pkcs.PKCS8Key.decode(PKCS8Key.java:355)
	at java.base/sun.security.rsa.RSAPrivateCrtKeyImpl.<init>(RSAPrivateCrtKeyImpl.java:130)
	at java.base/sun.security.rsa.RSAPrivateCrtKeyImpl.newKey(RSAPrivateCrtKeyImpl.java:80)
	at java.base/sun.security.rsa.RSAKeyFactory.generatePrivate(RSAKeyFactory.java:356)
	at java.base/sun.security.rsa.RSAKeyFactory.engineGeneratePrivate(RSAKeyFactory.java:247)
	... 51 common frames omitted
2024-12-23 07:08:14,842 INFO - tigerId:YOUR_TIGER_ID, grab_quote_permission:sdk send request exception(java.security.spec.InvalidKeySpecException: java.security.InvalidKeyException: IOException : DerInputStream.getLength(): lengthTag=101, too big.), data:null
